POST -- /api/shops/insert -- PostmanRuntime/7.29.0 -- 1646891267002
POST -- /api/shops/insert -- PostmanRuntime/7.29.0 -- 1646891365551
GET -- /api/shops/insert -- PostmanRuntime/7.29.0 -- 1646891386659
GET -- /api/shops/insert -- PostmanRuntime/7.29.0 -- 1646891569786
POST -- /api/shops/delete -- PostmanRuntime/7.29.0 -- 1646892882254
GET -- /api/shops/insert -- PostmanRuntime/7.29.0 -- 1646892895572
POST -- /api/shops/delete -- PostmanRuntime/7.29.0 -- 1646892931207
POST -- /api/shops/delete -- PostmanRuntime/7.29.0 -- 1646892957210
POST -- /api/shops/delete -- PostmanRuntime/7.29.0 -- 1646892986934
POST -- /api/shops/delete -- PostmanRuntime/7.29.0 -- 1646893019455
POST -- /api/shops/delete?id=1 -- PostmanRuntime/7.29.0 -- 1646893055957
POST -- /api/shops/delete -- PostmanRuntime/7.29.0 -- 1646894759595
POST -- /api/shops/delete -- PostmanRuntime/7.29.0 -- 1646894815370
POST -- /api/shops/getShopsForPage -- PostmanRuntime/7.29.0 -- 1646895355724
GET -- /api/shops/getShopsForPage -- PostmanRuntime/7.29.0 -- 1646895383664
GET -- /api/shops/getShopsForPage -- PostmanRuntime/7.29.0 -- 1646895404075
GET -- /api/shops/getShopsForPage -- PostmanRuntime/7.29.0 -- 1646895431119
GET -- /api/shops/getShopsForPage -- PostmanRuntime/7.29.0 -- 1646895475975
GET -- /api/shops/getShopsForPage -- PostmanRuntime/7.29.0 -- 1646895489853
GET -- /api/shops/getShopsForPage -- PostmanRuntime/7.29.0 -- 1646895520277
GET -- /api/shops/getShopsForPage?id=1 -- PostmanRuntime/7.29.0 -- 1646895527038
GET -- /api/shops/getShopsForPage?id=1 -- PostmanRuntime/7.29.0 -- 1646895689359
GET -- /api/shops/getShopsForPage?id=1 -- PostmanRuntime/7.29.0 -- 1646895738038
GET -- /api/shops/getShopsForPage?pno=1&psize=10 -- PostmanRuntime/7.29.0 -- 1646895900081
GET -- /api/shops/getShopsForPage?pno=1&psize=10 -- PostmanRuntime/7.29.0 -- 1646896018624
GET -- /api/shops/getShopsForPage?pno=1&psize=10 -- PostmanRuntime/7.29.0 -- 1646896056917
GET -- /api/shops/getShopsForPage?pno=1&psize=10 -- PostmanRuntime/7.29.0 -- 1646896078707
GET -- /api/shops/getShopsForPage?pno=1&psize=10 -- PostmanRuntime/7.29.0 -- 1646896114037
GET -- /api/shops/getShopsForPage?pno=1&psize=10 -- PostmanRuntime/7.29.0 -- 1646896150660
GET -- /api/shops/getShopsForPage?pno=1&psize=10 -- PostmanRuntime/7.29.0 -- 1646896238062
GET -- /api/shops/getShopsForPage?pno=2&psize=10 -- PostmanRuntime/7.29.0 -- 1646896255805
GET -- /api/shops/getShopsForPage?pno=2&psize=10 -- PostmanRuntime/7.29.0 -- 1646897243046
GET -- /api/shops/getShopsForPage?pno=2&psize=10 -- PostmanRuntime/7.29.0 -- 1646897265599
GET -- /api/shops/insert -- PostmanRuntime/7.29.0 -- 1646964051310
PUT -- /api/shops/insert -- PostmanRuntime/7.29.0 -- 1646964062585
POST -- /api/user/login -- PostmanRuntime/7.29.0 -- 1646964082454
POST -- /api/user/login -- PostmanRuntime/7.29.0 -- 1646964174980
POST -- /api/user/login -- PostmanRuntime/7.29.0 -- 1646964230949
PUT -- /api/shops/insert -- PostmanRuntime/7.29.0 -- 1646964238150
PUT -- /api/shops/insert -- PostmanRuntime/7.29.0 -- 1646964264514
PUT -- /api/shops/insert -- PostmanRuntime/7.29.0 -- 1646964311593
PUT -- /api/shops/insert -- PostmanRuntime/7.29.0 -- 1646964325774
PUT -- /api/shops/insert -- PostmanRuntime/7.29.0 -- 1646964343333
POST -- /api/shops/insert -- PostmanRuntime/7.29.0 -- 1646964455606
PUT -- /api/shops/insert -- PostmanRuntime/7.29.0 -- 1646964549271
PUT -- /api/shops/insert -- PostmanRuntime/7.29.0 -- 1646964640698
PUT -- /api/shops/insert -- PostmanRuntime/7.29.0 -- 1646964662031
POST -- /api/shops/insert -- PostmanRuntime/7.29.0 -- 1646964812725
POST -- /api/shops/insert -- PostmanRuntime/7.29.0 -- 1646966761359
POST -- /api/shops/insert -- PostmanRuntime/7.29.0 -- 1646966815338
POST -- /api/shops/insert -- PostmanRuntime/7.29.0 -- 1646966889017
POST -- /api/shops/insert -- PostmanRuntime/7.29.0 -- 1646966958307
POST -- /api/shops/insert -- PostmanRuntime/7.29.0 -- 1646966992728
POST -- /api/shops/insert -- PostmanRuntime/7.29.0 -- 1646967041780
POST -- /api/shops/insert -- PostmanRuntime/7.29.0 -- 1646967085051
POST -- /api/shops/insert -- PostmanRuntime/7.29.0 -- 1646967134719
POST -- /api/shops/insert -- PostmanRuntime/7.29.0 -- 1646967181365
POST -- /api/shops/insert -- PostmanRuntime/7.29.0 -- 1646967759426
POST -- /api/shops/insert -- PostmanRuntime/7.29.0 -- 1646968315078
POST -- /api/shops/insert -- PostmanRuntime/7.29.0 -- 1646968325427
POST -- /api/shops/insert -- PostmanRuntime/7.29.0 -- 1646968368208
POST -- /api/shops/insert -- PostmanRuntime/7.29.0 -- 1646968402063
POST -- /api/shops/insert -- PostmanRuntime/7.29.0 -- 1646968442806
POST -- /api/shops/update -- PostmanRuntime/7.29.0 -- 1646968634001
POST -- /api/shops/update -- PostmanRuntime/7.29.0 -- 1646968760420
POST -- /api/shops/update -- PostmanRuntime/7.29.0 -- 1646968814744
POST -- /api/shops/update -- PostmanRuntime/7.29.0 -- 1646968838926
